mode: atomic
github.com/ozonmp/bss-company-api/internal/app/retranslator/retranslator.go:41.47,63.2 5 1
github.com/ozonmp/bss-company-api/internal/app/retranslator/retranslator.go:65.32,68.2 2 1
github.com/ozonmp/bss-company-api/internal/app/retranslator/retranslator.go:70.32,74.2 3 1
github.com/ozonmp/bss-company-api/internal/api/api.go:25.63,27.2 1 3
github.com/ozonmp/bss-company-api/internal/api/api_create.go:16.40,20.2 2 0
github.com/ozonmp/bss-company-api/internal/api/api_describe.go:15.42,18.39 2 3
github.com/ozonmp/bss-company-api/internal/api/api_describe.go:24.2,25.16 2 2
github.com/ozonmp/bss-company-api/internal/api/api_describe.go:31.2,31.20 1 1
github.com/ozonmp/bss-company-api/internal/api/api_describe.go:38.2,46.8 2 1
github.com/ozonmp/bss-company-api/internal/api/api_describe.go:18.39,22.3 2 1
github.com/ozonmp/bss-company-api/internal/api/api_describe.go:25.16,29.3 2 1
github.com/ozonmp/bss-company-api/internal/api/api_describe.go:31.20,36.3 3 0
github.com/ozonmp/bss-company-api/internal/api/api_list.go:17.38,21.2 2 0
github.com/ozonmp/bss-company-api/internal/api/api_remove.go:16.40,20.2 2 0
